{"contracts\\TCoin.sol":{"l":{"10":30},"path":"C:\\Users\\Nicola\\Desktop\\Git-Repositories\\Trustify-backend\\Trustify\\contracts\\TCoin.sol","s":{"1":30},"b":{},"f":{"1":29,"2":30},"fnMap":{"1":{"name":"constructor","line":7,"loc":{"start":{"line":7,"column":4},"end":{"line":7,"column":43}}},"2":{"name":"drip","line":9,"loc":{"start":{"line":9,"column":4},"end":{"line":11,"column":4}}}},"statementMap":{"1":{"start":{"line":10,"column":8},"end":{"line":10,"column":38}}},"branchMap":{}},"contracts\\Trustify.sol":{"l":{"39":29,"46":35,"47":33,"49":2,"54":38,"58":36,"65":36,"70":36,"84":35,"89":33,"94":31,"98":31,"99":30,"100":30,"101":30,"102":30,"103":30,"105":1,"106":1,"107":1,"116":5,"117":5,"118":5,"119":4,"120":4,"124":3,"132":2,"133":1,"136":2,"137":2,"138":2,"140":2,"141":5,"142":5,"143":5,"146":5,"151":2,"157":6,"158":6,"162":5,"165":5,"173":5,"174":5,"175":5,"176":4,"177":4,"181":3,"189":2,"190":1,"193":2,"194":2,"195":2,"196":2,"198":2,"199":5,"200":5,"201":5,"204":5,"207":5,"210":2,"216":6,"222":2,"223":2,"228":1,"229":1,"230":3,"235":1},"path":"C:\\Users\\Nicola\\Desktop\\Git-Repositories\\Trustify-backend\\Trustify\\contracts\\Trustify.sol","s":{"1":35,"2":33,"3":2,"4":38,"5":36,"6":35,"7":33,"8":31,"9":31,"10":30,"11":30,"12":30,"13":1,"14":5,"15":5,"16":5,"17":4,"18":3,"19":2,"20":2,"21":2,"22":2,"23":2,"24":5,"25":5,"26":2,"27":6,"28":6,"29":5,"30":5,"31":5,"32":5,"33":5,"34":4,"35":3,"36":2,"37":2,"38":2,"39":2,"40":2,"41":2,"42":5,"43":5,"44":2,"45":6,"46":2,"47":2,"48":1,"49":1,"50":1},"b":{"1":[33,2],"2":[36,2],"3":[36,2],"4":[33,2],"5":[31,2],"6":[30,1],"7":[4,1],"8":[3,1],"9":[2,1],"10":[1,1],"11":[5,1],"12":[4,1],"13":[3,1],"14":[2,1],"15":[1,1],"16":[1,1]},"f":{"1":29,"2":35,"3":38,"4":36,"5":35,"6":5,"7":6,"8":5,"9":6,"10":2},"fnMap":{"1":{"name":"constructor","line":38,"loc":{"start":{"line":38,"column":4},"end":{"line":40,"column":4}}},"2":{"name":"CheckTransaction","line":43,"loc":{"start":{"line":43,"column":4},"end":{"line":51,"column":4}}},"3":{"name":"CheckAllowance","line":53,"loc":{"start":{"line":53,"column":4},"end":{"line":59,"column":4}}},"4":{"name":"DepositTokens","line":64,"loc":{"start":{"line":61,"column":4},"end":{"line":71,"column":4}}},"5":{"name":"WriteAReview","line":79,"loc":{"start":{"line":79,"column":4},"end":{"line":109,"column":4}}},"6":{"name":"GetNCompanyReview","line":111,"loc":{"start":{"line":111,"column":4},"end":{"line":152,"column":4}}},"7":{"name":"GetSpecificReview","line":154,"loc":{"start":{"line":154,"column":4},"end":{"line":166,"column":4}}},"8":{"name":"GetNMyReview","line":169,"loc":{"start":{"line":169,"column":4},"end":{"line":211,"column":4}}},"9":{"name":"GetSpecificStars","line":213,"loc":{"start":{"line":213,"column":4},"end":{"line":217,"column":4}}},"10":{"name":"GetAverageStars","line":219,"loc":{"start":{"line":219,"column":4},"end":{"line":236,"column":4}}}},"statementMap":{"1":{"start":{"line":46,"column":8},"end":{"line":46,"column":1846}},"2":{"start":{"line":47,"column":12},"end":{"line":47,"column":23}},"3":{"start":{"line":49,"column":12},"end":{"line":49,"column":24}},"4":{"start":{"line":54,"column":8},"end":{"line":54,"column":2062}},"5":{"start":{"line":70,"column":8},"end":{"line":70,"column":68}},"6":{"start":{"line":84,"column":8},"end":{"line":84,"column":3036}},"7":{"start":{"line":89,"column":8},"end":{"line":89,"column":3194}},"8":{"start":{"line":94,"column":8},"end":{"line":94,"column":3325}},"9":{"start":{"line":98,"column":8},"end":{"line":98,"column":3436}},"10":{"start":{"line":99,"column":12},"end":{"line":99,"column":63}},"11":{"start":{"line":101,"column":12},"end":{"line":101,"column":74}},"12":{"start":{"line":103,"column":12},"end":{"line":103,"column":74}},"13":{"start":{"line":105,"column":12},"end":{"line":105,"column":63}},"14":{"start":{"line":116,"column":8},"end":{"line":116,"column":79}},"15":{"start":{"line":117,"column":8},"end":{"line":117,"column":26}},"16":{"start":{"line":118,"column":8},"end":{"line":118,"column":77}},"17":{"start":{"line":120,"column":8},"end":{"line":120,"column":4520}},"18":{"start":{"line":124,"column":8},"end":{"line":124,"column":66}},"19":{"start":{"line":132,"column":8},"end":{"line":132,"column":4868}},"20":{"start":{"line":136,"column":8},"end":{"line":136,"column":41}},"21":{"start":{"line":137,"column":8},"end":{"line":137,"column":54}},"22":{"start":{"line":138,"column":8},"end":{"line":138,"column":50}},"23":{"start":{"line":140,"column":8},"end":{"line":140,"column":5111}},"24":{"start":{"line":141,"column":12},"end":{"line":141,"column":64}},"25":{"start":{"line":142,"column":12},"end":{"line":142,"column":34}},"26":{"start":{"line":151,"column":8},"end":{"line":151,"column":31}},"27":{"start":{"line":157,"column":8},"end":{"line":157,"column":55}},"28":{"start":{"line":158,"column":8},"end":{"line":158,"column":5741}},"29":{"start":{"line":162,"column":8},"end":{"line":162,"column":5872}},"30":{"start":{"line":165,"column":8},"end":{"line":165,"column":30}},"31":{"start":{"line":173,"column":8},"end":{"line":173,"column":75}},"32":{"start":{"line":174,"column":8},"end":{"line":174,"column":26}},"33":{"start":{"line":175,"column":8},"end":{"line":175,"column":68}},"34":{"start":{"line":177,"column":8},"end":{"line":177,"column":6459}},"35":{"start":{"line":181,"column":8},"end":{"line":181,"column":66}},"36":{"start":{"line":189,"column":8},"end":{"line":189,"column":6807}},"37":{"start":{"line":193,"column":8},"end":{"line":193,"column":41}},"38":{"start":{"line":194,"column":8},"end":{"line":194,"column":54}},"39":{"start":{"line":195,"column":8},"end":{"line":195,"column":50}},"40":{"start":{"line":196,"column":8},"end":{"line":196,"column":58}},"41":{"start":{"line":198,"column":8},"end":{"line":198,"column":7111}},"42":{"start":{"line":199,"column":12},"end":{"line":199,"column":63}},"43":{"start":{"line":200,"column":12},"end":{"line":200,"column":34}},"44":{"start":{"line":210,"column":8},"end":{"line":210,"column":42}},"45":{"start":{"line":216,"column":8},"end":{"line":216,"column":70}},"46":{"start":{"line":222,"column":8},"end":{"line":222,"column":75}},"47":{"start":{"line":223,"column":8},"end":{"line":223,"column":8012}},"48":{"start":{"line":228,"column":8},"end":{"line":228,"column":48}},"49":{"start":{"line":229,"column":8},"end":{"line":229,"column":8210}},"50":{"start":{"line":235,"column":8},"end":{"line":235,"column":20}}},"branchMap":{"1":{"line":46,"type":"if","locations":[{"start":{"line":46,"column":8},"end":{"line":46,"column":8}},{"start":{"line":46,"column":8},"end":{"line":46,"column":8}}]},"2":{"line":54,"type":"if","locations":[{"start":{"line":54,"column":8},"end":{"line":54,"column":8}},{"start":{"line":54,"column":8},"end":{"line":54,"column":8}}]},"3":{"line":64,"type":"if","locations":[{"start":{"line":64,"column":13},"end":{"line":64,"column":13}},{"start":{"line":64,"column":13},"end":{"line":64,"column":13}}]},"4":{"line":84,"type":"if","locations":[{"start":{"line":84,"column":8},"end":{"line":84,"column":8}},{"start":{"line":84,"column":8},"end":{"line":84,"column":8}}]},"5":{"line":89,"type":"if","locations":[{"start":{"line":89,"column":8},"end":{"line":89,"column":8}},{"start":{"line":89,"column":8},"end":{"line":89,"column":8}}]},"6":{"line":98,"type":"if","locations":[{"start":{"line":98,"column":8},"end":{"line":98,"column":8}},{"start":{"line":98,"column":8},"end":{"line":98,"column":8}}]},"7":{"line":118,"type":"if","locations":[{"start":{"line":118,"column":8},"end":{"line":118,"column":8}},{"start":{"line":118,"column":8},"end":{"line":118,"column":8}}]},"8":{"line":120,"type":"if","locations":[{"start":{"line":120,"column":8},"end":{"line":120,"column":8}},{"start":{"line":120,"column":8},"end":{"line":120,"column":8}}]},"9":{"line":124,"type":"if","locations":[{"start":{"line":124,"column":8},"end":{"line":124,"column":8}},{"start":{"line":124,"column":8},"end":{"line":124,"column":8}}]},"10":{"line":132,"type":"if","locations":[{"start":{"line":132,"column":8},"end":{"line":132,"column":8}},{"start":{"line":132,"column":8},"end":{"line":132,"column":8}}]},"11":{"line":158,"type":"if","locations":[{"start":{"line":158,"column":8},"end":{"line":158,"column":8}},{"start":{"line":158,"column":8},"end":{"line":158,"column":8}}]},"12":{"line":175,"type":"if","locations":[{"start":{"line":175,"column":8},"end":{"line":175,"column":8}},{"start":{"line":175,"column":8},"end":{"line":175,"column":8}}]},"13":{"line":177,"type":"if","locations":[{"start":{"line":177,"column":8},"end":{"line":177,"column":8}},{"start":{"line":177,"column":8},"end":{"line":177,"column":8}}]},"14":{"line":181,"type":"if","locations":[{"start":{"line":181,"column":8},"end":{"line":181,"column":8}},{"start":{"line":181,"column":8},"end":{"line":181,"column":8}}]},"15":{"line":189,"type":"if","locations":[{"start":{"line":189,"column":8},"end":{"line":189,"column":8}},{"start":{"line":189,"column":8},"end":{"line":189,"column":8}}]},"16":{"line":223,"type":"if","locations":[{"start":{"line":223,"column":8},"end":{"line":223,"column":8}},{"start":{"line":223,"column":8},"end":{"line":223,"column":8}}]}}}}