{"contracts\\TCoin.sol":{"l":{"10":27},"path":"C:\\Users\\Nicola\\Desktop\\Git Repositories\\Trustify-backend\\Trustify\\contracts\\TCoin.sol","s":{"1":27},"b":{},"f":{"1":23,"2":27},"fnMap":{"1":{"name":"constructor","line":7,"loc":{"start":{"line":7,"column":4},"end":{"line":7,"column":43}}},"2":{"name":"drip","line":9,"loc":{"start":{"line":9,"column":4},"end":{"line":11,"column":4}}}},"statementMap":{"1":{"start":{"line":10,"column":8},"end":{"line":10,"column":38}}},"branchMap":{}},"contracts\\Trustify.sol":{"l":{"39":22,"46":30,"47":28,"49":2,"54":28,"55":28,"62":28,"67":28,"81":30,"86":28,"91":24,"95":24,"96":22,"97":22,"98":22,"99":22,"100":22,"102":2,"103":2,"104":2,"111":2,"113":2,"115":2,"116":2,"118":2,"119":6,"120":6,"123":6,"126":2,"132":6,"133":6,"137":4,"146":4,"154":3,"155":3,"157":3,"158":3,"159":3,"161":3,"162":9,"163":9,"166":9,"167":9,"170":3,"176":6,"182":1,"184":1,"185":1,"186":3,"191":1},"path":"C:\\Users\\Nicola\\Desktop\\Git Repositories\\Trustify-backend\\Trustify\\contracts\\Trustify.sol","s":{"1":30,"2":28,"3":2,"4":28,"5":28,"6":30,"7":28,"8":24,"9":24,"10":22,"11":22,"12":22,"13":2,"14":2,"15":2,"16":2,"17":2,"18":2,"19":6,"20":2,"21":6,"22":6,"23":4,"24":4,"25":3,"26":3,"27":3,"28":3,"29":3,"30":3,"31":9,"32":3,"33":6,"34":1,"35":1,"36":1,"37":1},"b":{"1":[28,2],"2":[28,0],"3":[28,0],"4":[28,2],"5":[24,4],"6":[22,2],"7":[2,0],"8":[4,2],"9":[3,0]},"f":{"1":22,"2":30,"3":28,"4":28,"5":30,"6":2,"7":6,"8":3,"9":6,"10":1},"fnMap":{"1":{"name":"constructor","line":38,"loc":{"start":{"line":38,"column":4},"end":{"line":40,"column":4}}},"2":{"name":"CheckTransaction","line":43,"loc":{"start":{"line":43,"column":4},"end":{"line":51,"column":4}}},"3":{"name":"CheckAllowance","line":53,"loc":{"start":{"line":53,"column":4},"end":{"line":56,"column":4}}},"4":{"name":"DepositTokens","line":61,"loc":{"start":{"line":58,"column":4},"end":{"line":68,"column":4}}},"5":{"name":"WriteAReview","line":76,"loc":{"start":{"line":76,"column":4},"end":{"line":106,"column":4}}},"6":{"name":"GetAllCompanyReview","line":108,"loc":{"start":{"line":108,"column":4},"end":{"line":127,"column":4}}},"7":{"name":"GetSpecificReview","line":129,"loc":{"start":{"line":129,"column":4},"end":{"line":147,"column":4}}},"8":{"name":"GetAllMyReview","line":149,"loc":{"start":{"line":149,"column":4},"end":{"line":171,"column":4}}},"9":{"name":"GetSpecificStars","line":173,"loc":{"start":{"line":173,"column":4},"end":{"line":177,"column":4}}},"10":{"name":"GetAverageStars","line":179,"loc":{"start":{"line":179,"column":4},"end":{"line":192,"column":4}}}},"statementMap":{"1":{"start":{"line":46,"column":8},"end":{"line":46,"column":1846}},"2":{"start":{"line":47,"column":12},"end":{"line":47,"column":23}},"3":{"start":{"line":49,"column":12},"end":{"line":49,"column":24}},"4":{"start":{"line":54,"column":8},"end":{"line":54,"column":77}},"5":{"start":{"line":67,"column":8},"end":{"line":67,"column":68}},"6":{"start":{"line":81,"column":8},"end":{"line":81,"column":2978}},"7":{"start":{"line":86,"column":8},"end":{"line":86,"column":3137}},"8":{"start":{"line":91,"column":8},"end":{"line":91,"column":3268}},"9":{"start":{"line":95,"column":8},"end":{"line":95,"column":3379}},"10":{"start":{"line":96,"column":12},"end":{"line":96,"column":63}},"11":{"start":{"line":98,"column":12},"end":{"line":98,"column":74}},"12":{"start":{"line":100,"column":12},"end":{"line":100,"column":74}},"13":{"start":{"line":102,"column":12},"end":{"line":102,"column":63}},"14":{"start":{"line":111,"column":8},"end":{"line":111,"column":74}},"15":{"start":{"line":113,"column":8},"end":{"line":113,"column":72}},"16":{"start":{"line":115,"column":8},"end":{"line":115,"column":54}},"17":{"start":{"line":116,"column":8},"end":{"line":116,"column":50}},"18":{"start":{"line":118,"column":8},"end":{"line":118,"column":4478}},"19":{"start":{"line":119,"column":12},"end":{"line":119,"column":64}},"20":{"start":{"line":126,"column":8},"end":{"line":126,"column":31}},"21":{"start":{"line":132,"column":8},"end":{"line":132,"column":55}},"22":{"start":{"line":133,"column":8},"end":{"line":133,"column":5021}},"23":{"start":{"line":137,"column":8},"end":{"line":137,"column":5152}},"24":{"start":{"line":146,"column":8},"end":{"line":146,"column":30}},"25":{"start":{"line":154,"column":8},"end":{"line":154,"column":70}},"26":{"start":{"line":155,"column":8},"end":{"line":155,"column":75}},"27":{"start":{"line":157,"column":8},"end":{"line":157,"column":54}},"28":{"start":{"line":158,"column":8},"end":{"line":158,"column":50}},"29":{"start":{"line":159,"column":8},"end":{"line":159,"column":58}},"30":{"start":{"line":161,"column":8},"end":{"line":161,"column":5882}},"31":{"start":{"line":162,"column":12},"end":{"line":162,"column":63}},"32":{"start":{"line":170,"column":8},"end":{"line":170,"column":42}},"33":{"start":{"line":176,"column":8},"end":{"line":176,"column":70}},"34":{"start":{"line":182,"column":8},"end":{"line":182,"column":75}},"35":{"start":{"line":184,"column":8},"end":{"line":184,"column":48}},"36":{"start":{"line":185,"column":8},"end":{"line":185,"column":6745}},"37":{"start":{"line":191,"column":8},"end":{"line":191,"column":20}}},"branchMap":{"1":{"line":46,"type":"if","locations":[{"start":{"line":46,"column":8},"end":{"line":46,"column":8}},{"start":{"line":46,"column":8},"end":{"line":46,"column":8}}]},"2":{"line":54,"type":"if","locations":[{"start":{"line":54,"column":8},"end":{"line":54,"column":8}},{"start":{"line":54,"column":8},"end":{"line":54,"column":8}}]},"3":{"line":61,"type":"if","locations":[{"start":{"line":61,"column":13},"end":{"line":61,"column":13}},{"start":{"line":61,"column":13},"end":{"line":61,"column":13}}]},"4":{"line":81,"type":"if","locations":[{"start":{"line":81,"column":8},"end":{"line":81,"column":8}},{"start":{"line":81,"column":8},"end":{"line":81,"column":8}}]},"5":{"line":86,"type":"if","locations":[{"start":{"line":86,"column":8},"end":{"line":86,"column":8}},{"start":{"line":86,"column":8},"end":{"line":86,"column":8}}]},"6":{"line":95,"type":"if","locations":[{"start":{"line":95,"column":8},"end":{"line":95,"column":8}},{"start":{"line":95,"column":8},"end":{"line":95,"column":8}}]},"7":{"line":113,"type":"if","locations":[{"start":{"line":113,"column":8},"end":{"line":113,"column":8}},{"start":{"line":113,"column":8},"end":{"line":113,"column":8}}]},"8":{"line":133,"type":"if","locations":[{"start":{"line":133,"column":8},"end":{"line":133,"column":8}},{"start":{"line":133,"column":8},"end":{"line":133,"column":8}}]},"9":{"line":155,"type":"if","locations":[{"start":{"line":155,"column":8},"end":{"line":155,"column":8}},{"start":{"line":155,"column":8},"end":{"line":155,"column":8}}]}}}}